<?xml version="1.0"?>
<testsuite name="Chrome Headless 143.0.0.0 (Mac OS 10.15.7)" package="" timestamp="2026-01-06T00:33:18" id="0" hostname="MacBook-Pro-von-Gerald.local" tests="95" errors="1" failures="0" time="0.077">
  <properties>
    <property name="browser.fullName" value="Mozilla/5.0 (Macintosh; Intel Mac OS X 10_15_7) AppleWebKit/537.36 (KHTML, like Gecko) HeadlessChrome/143.0.0.0 Safari/537.36"/>
  </properties>
  <testcase name="LoginAppBarSectionComponent initialization should not set profileUri when issuer is null" time="0.045" classname="LoginAppBarSectionComponent initialization"/>
  <testcase name="LoginAppBarSectionComponent initialization should set profileUri from issuer on init" time="0.006" classname="LoginAppBarSectionComponent initialization"/>
  <testcase name="LoginAppBarSectionComponent userName observable should emit null when user is null" time="0.005" classname="LoginAppBarSectionComponent userName observable"/>
  <testcase name="LoginAppBarSectionComponent userName observable should emit user name when user is authenticated" time="0.008" classname="LoginAppBarSectionComponent userName observable"/>
  <testcase name="LoginAppBarSectionComponent fullName observable should emit null when user is null" time="0.005" classname="LoginAppBarSectionComponent fullName observable"/>
  <testcase name="LoginAppBarSectionComponent fullName observable should emit full name when user has given_name and family_name" time="0.004" classname="LoginAppBarSectionComponent fullName observable"/>
  <testcase name="LoginAppBarSectionComponent fullName observable should emit null when user has no given_name" time="0.004" classname="LoginAppBarSectionComponent fullName observable"/>
  <system-out>
    <![CDATA[Chrome Headless 143.0.0.0 (Mac OS 10.15.7) DEBUG: 'mm-login-app-bar-section::created'
,Chrome Headless 143.0.0.0 (Mac OS 10.15.7) DEBUG: 'mm-login-app-bar-section::created'
,Chrome Headless 143.0.0.0 (Mac OS 10.15.7) DEBUG: 'mm-login-app-bar-section::created'
,Chrome Headless 143.0.0.0 (Mac OS 10.15.7) DEBUG: 'mm-login-app-bar-section::created'
,Chrome Headless 143.0.0.0 (Mac OS 10.15.7) DEBUG: 'mm-login-app-bar-section::created'
,Chrome Headless 143.0.0.0 (Mac OS 10.15.7) DEBUG: 'mm-login-app-bar-section::created'
,Chrome Headless 143.0.0.0 (Mac OS 10.15.7) DEBUG: 'mm-login-app-bar-section::created'
,Chrome Headless 143.0.0.0 (Mac OS 10.15.7) DEBUG: 'mm-login-app-bar-section::created'
,Chrome Headless 143.0.0.0 (Mac OS 10.15.7) ERROR
  Some of your tests did a full page reload!

]]>
  </system-out>
  <system-err/>
</testsuite>